<?xml version="1.0" encoding="UTF-8"?>
<!-- Generated by org.testng.reporters.JUnitXMLReporter -->
<testsuite ignored="0" hostname="LTIN237768" failures="0" tests="10" name="Default test" time="221.025" errors="0" timestamp="16 Jun 2023 09:14:27 GMT">
  <testcase classname="test.testCases" name="driversetup" time="42.725"/>
  <testcase classname="test.testCases" name="search" time="3.01"/>
  <testcase classname="test.testCases" name="checkbox" time="3.968"/>
  <testcase classname="test.testCases" name="allLanguages" time="7.276"/>
  <testcase classname="test.testCases" name="nameResults" time="5.147"/>
  <testcase classname="test.testCases" name="differentLevels" time="0.968"/>
  <testcase classname="test.testCases" name="forcampus" time="37.881"/>
  <testcase classname="test.testCases" name="contactUS" time="110.428"/>
  <testcase classname="test.testCases" name="screenshot" time="3.155"/>
  <testcase classname="test.testCases" name="quit" time="6.428"/>
</testsuite> <!-- Default test -->
