<?xml version="1.0" encoding="UTF-8"?>
<!-- Generated by org.testng.reporters.JUnitXMLReporter -->
<testsuite ignored="0" hostname="LAPTOP-R0SAN1PR" failures="0" tests="10" name="Test" time="142.956" errors="0" timestamp="23 Jun 2023 17:15:43 GMT">
  <testcase classname="test.testCases" name="driversetup" time="13.584"/>
  <testcase classname="test.testCases" name="search" time="4.089"/>
  <testcase classname="test.testCases" name="checkbox" time="4.71"/>
  <testcase classname="test.testCases" name="allLanguages" time="11.392"/>
  <testcase classname="test.testCases" name="nameResults" time="5.267"/>
  <testcase classname="test.testCases" name="differentLevels" time="2.277"/>
  <testcase classname="test.testCases" name="forcampus" time="12.771"/>
  <testcase classname="test.testCases" name="contactUS" time="79.746"/>
  <testcase classname="test.testCases" name="screenshot" time="3.267"/>
  <testcase classname="test.testCases" name="quit" time="5.809"/>
</testsuite> <!-- Test -->
